[7.313s] Invoking command in '/home/projects/ros2_ws/src/ucsd_robocar_hub2/ucsd_robocar_nav2_pkg': PYTHONPATH=/home/projects/ros2_ws/src/install/ucsd_robocar_nav2_pkg/lib/python3.8/site-packages:${PYTHONPATH} /usr/bin/python3 setup.py egg_info --egg-base ../../build/ucsd_robocar_nav2_pkg build --build-base /home/projects/ros2_ws/src/build/ucsd_robocar_nav2_pkg/build install --prefix /home/projects/ros2_ws/src/install/ucsd_robocar_nav2_pkg --record /home/projects/ros2_ws/src/build/ucsd_robocar_nav2_pkg/install.log --single-version-externally-managed
[8.662s] running egg_info
[8.666s] writing ../../build/ucsd_robocar_nav2_pkg/ucsd_robocar_nav2_pkg.egg-info/PKG-INFO
[8.669s] writing dependency_links to ../../build/ucsd_robocar_nav2_pkg/ucsd_robocar_nav2_pkg.egg-info/dependency_links.txt
[8.671s] writing entry points to ../../build/ucsd_robocar_nav2_pkg/ucsd_robocar_nav2_pkg.egg-info/entry_points.txt
[8.672s] writing requirements to ../../build/ucsd_robocar_nav2_pkg/ucsd_robocar_nav2_pkg.egg-info/requires.txt
[8.674s] writing top-level names to ../../build/ucsd_robocar_nav2_pkg/ucsd_robocar_nav2_pkg.egg-info/top_level.txt
[8.933s] reading manifest file '../../build/ucsd_robocar_nav2_pkg/ucsd_robocar_nav2_pkg.egg-info/SOURCES.txt'
[8.934s] writing manifest file '../../build/ucsd_robocar_nav2_pkg/ucsd_robocar_nav2_pkg.egg-info/SOURCES.txt'
[8.935s] running build
[8.936s] running build_py
[8.937s] running install
[8.942s] running install_lib
[8.951s] running install_data
[8.957s] running install_egg_info
[8.966s] removing '/home/projects/ros2_ws/src/install/ucsd_robocar_nav2_pkg/lib/python3.8/site-packages/ucsd_robocar_nav2_pkg-0.0.0-py3.8.egg-info' (and everything under it)
[8.969s] Copying ../../build/ucsd_robocar_nav2_pkg/ucsd_robocar_nav2_pkg.egg-info to /home/projects/ros2_ws/src/install/ucsd_robocar_nav2_pkg/lib/python3.8/site-packages/ucsd_robocar_nav2_pkg-0.0.0-py3.8.egg-info
[8.973s] running install_scripts
[9.060s] writing list of installed files to '/home/projects/ros2_ws/src/build/ucsd_robocar_nav2_pkg/install.log'
[10.388s] Invoked command in '/home/projects/ros2_ws/src/ucsd_robocar_hub2/ucsd_robocar_nav2_pkg' returned '0': PYTHONPATH=/home/projects/ros2_ws/src/install/ucsd_robocar_nav2_pkg/lib/python3.8/site-packages:${PYTHONPATH} /usr/bin/python3 setup.py egg_info --egg-base ../../build/ucsd_robocar_nav2_pkg build --build-base /home/projects/ros2_ws/src/build/ucsd_robocar_nav2_pkg/build install --prefix /home/projects/ros2_ws/src/install/ucsd_robocar_nav2_pkg --record /home/projects/ros2_ws/src/build/ucsd_robocar_nav2_pkg/install.log --single-version-externally-managed
