running egg_info
writing ../build/lidar_avoidance/lidar_avoidance.egg-info/PKG-INFO
writing dependency_links to ../build/lidar_avoidance/lidar_avoidance.egg-info/dependency_links.txt
writing entry points to ../build/lidar_avoidance/lidar_avoidance.egg-info/entry_points.txt
writing requirements to ../build/lidar_avoidance/lidar_avoidance.egg-info/requires.txt
writing top-level names to ../build/lidar_avoidance/lidar_avoidance.egg-info/top_level.txt
reading manifest file '../build/lidar_avoidance/lidar_avoidance.egg-info/SOURCES.txt'
writing manifest file '../build/lidar_avoidance/lidar_avoidance.egg-info/SOURCES.txt'
running build
running build_py
copying lidar_avoidance/lidar_avoidance_node.py -> /home/projects/ros2_ws/src/build/lidar_avoidance/build/lib/lidar_avoidance
running install
running install_lib
copying /home/projects/ros2_ws/src/build/lidar_avoidance/build/lib/lidar_avoidance/lidar_avoidance_node.py -> /home/projects/ros2_ws/src/install/lidar_avoidance/lib/python3.8/site-packages/lidar_avoidance
byte-compiling /home/projects/ros2_ws/src/install/lidar_avoidance/lib/python3.8/site-packages/lidar_avoidance/lidar_avoidance_node.py to lidar_avoidance_node.cpython-38.pyc
running install_data
running install_egg_info
removing '/home/projects/ros2_ws/src/install/lidar_avoidance/lib/python3.8/site-packages/lidar_avoidance-0.0.0-py3.8.egg-info' (and everything under it)
Copying ../build/lidar_avoidance/lidar_avoidance.egg-info to /home/projects/ros2_ws/src/install/lidar_avoidance/lib/python3.8/site-packages/lidar_avoidance-0.0.0-py3.8.egg-info
running install_scripts
Installing avoid_node script to /home/projects/ros2_ws/src/install/lidar_avoidance/lib/lidar_avoidance
writing list of installed files to '/home/projects/ros2_ws/src/build/lidar_avoidance/install.log'
