[7.681s] Invoking command in '/home/projects/ros2_ws/src/lidar_avoidance': PYTHONPATH=/home/projects/ros2_ws/src/install/lidar_avoidance/lib/python3.8/site-packages:${PYTHONPATH} /usr/bin/python3 setup.py egg_info --egg-base ../build/lidar_avoidance build --build-base /home/projects/ros2_ws/src/build/lidar_avoidance/build install --prefix /home/projects/ros2_ws/src/install/lidar_avoidance --record /home/projects/ros2_ws/src/build/lidar_avoidance/install.log --single-version-externally-managed
[9.081s] running egg_info
[9.084s] writing ../build/lidar_avoidance/lidar_avoidance.egg-info/PKG-INFO
[9.085s] writing dependency_links to ../build/lidar_avoidance/lidar_avoidance.egg-info/dependency_links.txt
[9.087s] writing entry points to ../build/lidar_avoidance/lidar_avoidance.egg-info/entry_points.txt
[9.088s] writing requirements to ../build/lidar_avoidance/lidar_avoidance.egg-info/requires.txt
[9.090s] writing top-level names to ../build/lidar_avoidance/lidar_avoidance.egg-info/top_level.txt
[9.282s] reading manifest file '../build/lidar_avoidance/lidar_avoidance.egg-info/SOURCES.txt'
[9.286s] writing manifest file '../build/lidar_avoidance/lidar_avoidance.egg-info/SOURCES.txt'
[9.286s] running build
[9.287s] running build_py
[9.288s] copying lidar_avoidance/lidar_avoidance_node.py -> /home/projects/ros2_ws/src/build/lidar_avoidance/build/lib/lidar_avoidance
[9.289s] running install
[9.293s] running install_lib
[9.297s] copying /home/projects/ros2_ws/src/build/lidar_avoidance/build/lib/lidar_avoidance/lidar_avoidance_node.py -> /home/projects/ros2_ws/src/install/lidar_avoidance/lib/python3.8/site-packages/lidar_avoidance
[9.301s] byte-compiling /home/projects/ros2_ws/src/install/lidar_avoidance/lib/python3.8/site-packages/lidar_avoidance/lidar_avoidance_node.py to lidar_avoidance_node.cpython-38.pyc
[9.309s] running install_data
[9.311s] running install_egg_info
[9.320s] removing '/home/projects/ros2_ws/src/install/lidar_avoidance/lib/python3.8/site-packages/lidar_avoidance-0.0.0-py3.8.egg-info' (and everything under it)
[9.322s] Copying ../build/lidar_avoidance/lidar_avoidance.egg-info to /home/projects/ros2_ws/src/install/lidar_avoidance/lib/python3.8/site-packages/lidar_avoidance-0.0.0-py3.8.egg-info
[9.327s] running install_scripts
[9.421s] Installing avoid_node script to /home/projects/ros2_ws/src/install/lidar_avoidance/lib/lidar_avoidance
[9.423s] writing list of installed files to '/home/projects/ros2_ws/src/build/lidar_avoidance/install.log'
[9.677s] Invoked command in '/home/projects/ros2_ws/src/lidar_avoidance' returned '0': PYTHONPATH=/home/projects/ros2_ws/src/install/lidar_avoidance/lib/python3.8/site-packages:${PYTHONPATH} /usr/bin/python3 setup.py egg_info --egg-base ../build/lidar_avoidance build --build-base /home/projects/ros2_ws/src/build/lidar_avoidance/build install --prefix /home/projects/ros2_ws/src/install/lidar_avoidance --record /home/projects/ros2_ws/src/build/lidar_avoidance/install.log --single-version-externally-managed
