[7.687s] Invoking command in '/home/projects/ros2_ws/src/ucsd_robocar_hub2/ucsd_robocar_actuator2_pkg': PYTHONPATH=/home/projects/ros2_ws/src/install/ucsd_robocar_actuator2_pkg/lib/python3.8/site-packages:${PYTHONPATH} /usr/bin/python3 setup.py egg_info --egg-base ../../build/ucsd_robocar_actuator2_pkg build --build-base /home/projects/ros2_ws/src/build/ucsd_robocar_actuator2_pkg/build install --prefix /home/projects/ros2_ws/src/install/ucsd_robocar_actuator2_pkg --record /home/projects/ros2_ws/src/build/ucsd_robocar_actuator2_pkg/install.log --single-version-externally-managed
[9.040s] running egg_info
[9.043s] writing ../../build/ucsd_robocar_actuator2_pkg/ucsd_robocar_actuator2_pkg.egg-info/PKG-INFO
[9.045s] writing dependency_links to ../../build/ucsd_robocar_actuator2_pkg/ucsd_robocar_actuator2_pkg.egg-info/dependency_links.txt
[9.047s] writing entry points to ../../build/ucsd_robocar_actuator2_pkg/ucsd_robocar_actuator2_pkg.egg-info/entry_points.txt
[9.048s] writing requirements to ../../build/ucsd_robocar_actuator2_pkg/ucsd_robocar_actuator2_pkg.egg-info/requires.txt
[9.050s] writing top-level names to ../../build/ucsd_robocar_actuator2_pkg/ucsd_robocar_actuator2_pkg.egg-info/top_level.txt
[9.236s] reading manifest file '../../build/ucsd_robocar_actuator2_pkg/ucsd_robocar_actuator2_pkg.egg-info/SOURCES.txt'
[9.243s] writing manifest file '../../build/ucsd_robocar_actuator2_pkg/ucsd_robocar_actuator2_pkg.egg-info/SOURCES.txt'
[9.243s] running build
[9.244s] running build_py
[9.247s] running install
[9.252s] running install_lib
[9.264s] running install_data
[9.269s] running install_egg_info
[9.279s] removing '/home/projects/ros2_ws/src/install/ucsd_robocar_actuator2_pkg/lib/python3.8/site-packages/ucsd_robocar_actuator2_pkg-0.0.0-py3.8.egg-info' (and everything under it)
[9.280s] Copying ../../build/ucsd_robocar_actuator2_pkg/ucsd_robocar_actuator2_pkg.egg-info to /home/projects/ros2_ws/src/install/ucsd_robocar_actuator2_pkg/lib/python3.8/site-packages/ucsd_robocar_actuator2_pkg-0.0.0-py3.8.egg-info
[9.286s] running install_scripts
[9.393s] Installing adafruit_continuous_servo_node script to /home/projects/ros2_ws/src/install/ucsd_robocar_actuator2_pkg/lib/ucsd_robocar_actuator2_pkg
[9.394s] Installing adafruit_servo_node script to /home/projects/ros2_ws/src/install/ucsd_robocar_actuator2_pkg/lib/ucsd_robocar_actuator2_pkg
[9.395s] Installing adafruit_twist_node script to /home/projects/ros2_ws/src/install/ucsd_robocar_actuator2_pkg/lib/ucsd_robocar_actuator2_pkg
[9.395s] Installing vesc_odom_node script to /home/projects/ros2_ws/src/install/ucsd_robocar_actuator2_pkg/lib/ucsd_robocar_actuator2_pkg
[9.398s] Installing vesc_twist_node script to /home/projects/ros2_ws/src/install/ucsd_robocar_actuator2_pkg/lib/ucsd_robocar_actuator2_pkg
[9.400s] writing list of installed files to '/home/projects/ros2_ws/src/build/ucsd_robocar_actuator2_pkg/install.log'
[9.753s] Invoked command in '/home/projects/ros2_ws/src/ucsd_robocar_hub2/ucsd_robocar_actuator2_pkg' returned '0': PYTHONPATH=/home/projects/ros2_ws/src/install/ucsd_robocar_actuator2_pkg/lib/python3.8/site-packages:${PYTHONPATH} /usr/bin/python3 setup.py egg_info --egg-base ../../build/ucsd_robocar_actuator2_pkg build --build-base /home/projects/ros2_ws/src/build/ucsd_robocar_actuator2_pkg/build install --prefix /home/projects/ros2_ws/src/install/ucsd_robocar_actuator2_pkg --record /home/projects/ros2_ws/src/build/ucsd_robocar_actuator2_pkg/install.log --single-version-externally-managed
