[7.283s] Invoking command in '/home/projects/ros2_ws/src/ucsd_robocar_hub2/ucsd_robocar_actuator2_pkg': PYTHONPATH=/home/projects/ros2_ws/src/install/ucsd_robocar_actuator2_pkg/lib/python3.8/site-packages:${PYTHONPATH} /usr/bin/python3 setup.py egg_info --egg-base ../../build/ucsd_robocar_actuator2_pkg build --build-base /home/projects/ros2_ws/src/build/ucsd_robocar_actuator2_pkg/build install --prefix /home/projects/ros2_ws/src/install/ucsd_robocar_actuator2_pkg --record /home/projects/ros2_ws/src/build/ucsd_robocar_actuator2_pkg/install.log --single-version-externally-managed
[8.605s] running egg_info
[8.608s] writing ../../build/ucsd_robocar_actuator2_pkg/ucsd_robocar_actuator2_pkg.egg-info/PKG-INFO
[8.610s] writing dependency_links to ../../build/ucsd_robocar_actuator2_pkg/ucsd_robocar_actuator2_pkg.egg-info/dependency_links.txt
[8.611s] writing entry points to ../../build/ucsd_robocar_actuator2_pkg/ucsd_robocar_actuator2_pkg.egg-info/entry_points.txt
[8.613s] writing requirements to ../../build/ucsd_robocar_actuator2_pkg/ucsd_robocar_actuator2_pkg.egg-info/requires.txt
[8.614s] writing top-level names to ../../build/ucsd_robocar_actuator2_pkg/ucsd_robocar_actuator2_pkg.egg-info/top_level.txt
[8.804s] reading manifest file '../../build/ucsd_robocar_actuator2_pkg/ucsd_robocar_actuator2_pkg.egg-info/SOURCES.txt'
[8.812s] writing manifest file '../../build/ucsd_robocar_actuator2_pkg/ucsd_robocar_actuator2_pkg.egg-info/SOURCES.txt'
[8.813s] running build
[8.813s] running build_py
[8.817s] running install
[8.822s] running install_lib
[8.834s] running install_data
[8.839s] running install_egg_info
[8.849s] removing '/home/projects/ros2_ws/src/install/ucsd_robocar_actuator2_pkg/lib/python3.8/site-packages/ucsd_robocar_actuator2_pkg-0.0.0-py3.8.egg-info' (and everything under it)
[8.851s] Copying ../../build/ucsd_robocar_actuator2_pkg/ucsd_robocar_actuator2_pkg.egg-info to /home/projects/ros2_ws/src/install/ucsd_robocar_actuator2_pkg/lib/python3.8/site-packages/ucsd_robocar_actuator2_pkg-0.0.0-py3.8.egg-info
[8.857s] running install_scripts
[8.954s] Installing adafruit_continuous_servo_node script to /home/projects/ros2_ws/src/install/ucsd_robocar_actuator2_pkg/lib/ucsd_robocar_actuator2_pkg
[8.956s] Installing adafruit_servo_node script to /home/projects/ros2_ws/src/install/ucsd_robocar_actuator2_pkg/lib/ucsd_robocar_actuator2_pkg
[8.957s] Installing adafruit_twist_node script to /home/projects/ros2_ws/src/install/ucsd_robocar_actuator2_pkg/lib/ucsd_robocar_actuator2_pkg
[8.957s] Installing vesc_odom_node script to /home/projects/ros2_ws/src/install/ucsd_robocar_actuator2_pkg/lib/ucsd_robocar_actuator2_pkg
[8.958s] Installing vesc_twist_node script to /home/projects/ros2_ws/src/install/ucsd_robocar_actuator2_pkg/lib/ucsd_robocar_actuator2_pkg
[8.959s] writing list of installed files to '/home/projects/ros2_ws/src/build/ucsd_robocar_actuator2_pkg/install.log'
[9.255s] Invoked command in '/home/projects/ros2_ws/src/ucsd_robocar_hub2/ucsd_robocar_actuator2_pkg' returned '0': PYTHONPATH=/home/projects/ros2_ws/src/install/ucsd_robocar_actuator2_pkg/lib/python3.8/site-packages:${PYTHONPATH} /usr/bin/python3 setup.py egg_info --egg-base ../../build/ucsd_robocar_actuator2_pkg build --build-base /home/projects/ros2_ws/src/build/ucsd_robocar_actuator2_pkg/build install --prefix /home/projects/ros2_ws/src/install/ucsd_robocar_actuator2_pkg --record /home/projects/ros2_ws/src/build/ucsd_robocar_actuator2_pkg/install.log --single-version-externally-managed
