[7.320s] Invoking command in '/home/projects/ros2_ws/src/ucsd_robocar_hub2/ucsd_robocar_lane_detection2_pkg': PYTHONPATH=/home/projects/ros2_ws/src/install/ucsd_robocar_lane_detection2_pkg/lib/python3.8/site-packages:${PYTHONPATH} /usr/bin/python3 setup.py egg_info --egg-base ../../build/ucsd_robocar_lane_detection2_pkg build --build-base /home/projects/ros2_ws/src/build/ucsd_robocar_lane_detection2_pkg/build install --prefix /home/projects/ros2_ws/src/install/ucsd_robocar_lane_detection2_pkg --record /home/projects/ros2_ws/src/build/ucsd_robocar_lane_detection2_pkg/install.log --single-version-externally-managed
[8.591s] running egg_info
[8.594s] writing ../../build/ucsd_robocar_lane_detection2_pkg/ucsd_robocar_lane_detection2_pkg.egg-info/PKG-INFO
[8.596s] writing dependency_links to ../../build/ucsd_robocar_lane_detection2_pkg/ucsd_robocar_lane_detection2_pkg.egg-info/dependency_links.txt
[8.596s] writing entry points to ../../build/ucsd_robocar_lane_detection2_pkg/ucsd_robocar_lane_detection2_pkg.egg-info/entry_points.txt
[8.597s] writing requirements to ../../build/ucsd_robocar_lane_detection2_pkg/ucsd_robocar_lane_detection2_pkg.egg-info/requires.txt
[8.597s] writing top-level names to ../../build/ucsd_robocar_lane_detection2_pkg/ucsd_robocar_lane_detection2_pkg.egg-info/top_level.txt
[8.775s] reading manifest file '../../build/ucsd_robocar_lane_detection2_pkg/ucsd_robocar_lane_detection2_pkg.egg-info/SOURCES.txt'
[8.781s] writing manifest file '../../build/ucsd_robocar_lane_detection2_pkg/ucsd_robocar_lane_detection2_pkg.egg-info/SOURCES.txt'
[8.781s] running build
[8.782s] running build_py
[8.783s] running install
[8.788s] running install_lib
[8.796s] running install_data
[8.799s] running install_egg_info
[8.808s] removing '/home/projects/ros2_ws/src/install/ucsd_robocar_lane_detection2_pkg/lib/python3.8/site-packages/ucsd_robocar_lane_detection2_pkg-0.0.0-py3.8.egg-info' (and everything under it)
[8.809s] Copying ../../build/ucsd_robocar_lane_detection2_pkg/ucsd_robocar_lane_detection2_pkg.egg-info to /home/projects/ros2_ws/src/install/ucsd_robocar_lane_detection2_pkg/lib/python3.8/site-packages/ucsd_robocar_lane_detection2_pkg-0.0.0-py3.8.egg-info
[8.813s] running install_scripts
[8.897s] Installing calibration_node script to /home/projects/ros2_ws/src/install/ucsd_robocar_lane_detection2_pkg/lib/ucsd_robocar_lane_detection2_pkg
[8.899s] Installing lane_detection_node script to /home/projects/ros2_ws/src/install/ucsd_robocar_lane_detection2_pkg/lib/ucsd_robocar_lane_detection2_pkg
[8.900s] Installing lane_guidance_node script to /home/projects/ros2_ws/src/install/ucsd_robocar_lane_detection2_pkg/lib/ucsd_robocar_lane_detection2_pkg
[8.900s] writing list of installed files to '/home/projects/ros2_ws/src/build/ucsd_robocar_lane_detection2_pkg/install.log'
[9.023s] Invoked command in '/home/projects/ros2_ws/src/ucsd_robocar_hub2/ucsd_robocar_lane_detection2_pkg' returned '0': PYTHONPATH=/home/projects/ros2_ws/src/install/ucsd_robocar_lane_detection2_pkg/lib/python3.8/site-packages:${PYTHONPATH} /usr/bin/python3 setup.py egg_info --egg-base ../../build/ucsd_robocar_lane_detection2_pkg build --build-base /home/projects/ros2_ws/src/build/ucsd_robocar_lane_detection2_pkg/build install --prefix /home/projects/ros2_ws/src/install/ucsd_robocar_lane_detection2_pkg --record /home/projects/ros2_ws/src/build/ucsd_robocar_lane_detection2_pkg/install.log --single-version-externally-managed
