[5.645s] Invoking command in '/home/projects/ros2_ws/src/ucsd_robocar_hub2/ucsd_robocar_basics2_pkg': PYTHONPATH=/home/projects/ros2_ws/src/install/ucsd_robocar_basics2_pkg/lib/python3.8/site-packages:${PYTHONPATH} /usr/bin/python3 setup.py egg_info --egg-base ../../build/ucsd_robocar_basics2_pkg build --build-base /home/projects/ros2_ws/src/build/ucsd_robocar_basics2_pkg/build install --prefix /home/projects/ros2_ws/src/install/ucsd_robocar_basics2_pkg --record /home/projects/ros2_ws/src/build/ucsd_robocar_basics2_pkg/install.log --single-version-externally-managed
[7.166s] running egg_info
[7.169s] writing ../../build/ucsd_robocar_basics2_pkg/ucsd_robocar_basics2_pkg.egg-info/PKG-INFO
[7.171s] writing dependency_links to ../../build/ucsd_robocar_basics2_pkg/ucsd_robocar_basics2_pkg.egg-info/dependency_links.txt
[7.173s] writing entry points to ../../build/ucsd_robocar_basics2_pkg/ucsd_robocar_basics2_pkg.egg-info/entry_points.txt
[7.173s] writing requirements to ../../build/ucsd_robocar_basics2_pkg/ucsd_robocar_basics2_pkg.egg-info/requires.txt
[7.175s] writing top-level names to ../../build/ucsd_robocar_basics2_pkg/ucsd_robocar_basics2_pkg.egg-info/top_level.txt
[7.368s] reading manifest file '../../build/ucsd_robocar_basics2_pkg/ucsd_robocar_basics2_pkg.egg-info/SOURCES.txt'
[7.374s] writing manifest file '../../build/ucsd_robocar_basics2_pkg/ucsd_robocar_basics2_pkg.egg-info/SOURCES.txt'
[7.379s] running build
[7.380s] running build_py
[7.396s] running install
[7.407s] running install_lib
[7.422s] running install_data
[7.434s] running install_egg_info
[7.442s] removing '/home/projects/ros2_ws/src/install/ucsd_robocar_basics2_pkg/lib/python3.8/site-packages/ucsd_robocar_basics2_pkg-0.0.0-py3.8.egg-info' (and everything under it)
[7.443s] Copying ../../build/ucsd_robocar_basics2_pkg/ucsd_robocar_basics2_pkg.egg-info to /home/projects/ros2_ws/src/install/ucsd_robocar_basics2_pkg/lib/python3.8/site-packages/ucsd_robocar_basics2_pkg-0.0.0-py3.8.egg-info
[7.460s] running install_scripts
[7.626s] Installing sub_camera_node script to /home/projects/ros2_ws/src/install/ucsd_robocar_basics2_pkg/lib/ucsd_robocar_basics2_pkg
[7.627s] Installing sub_lidar_node script to /home/projects/ros2_ws/src/install/ucsd_robocar_basics2_pkg/lib/ucsd_robocar_basics2_pkg
[7.627s] Installing subpub_camera_actuator_node script to /home/projects/ros2_ws/src/install/ucsd_robocar_basics2_pkg/lib/ucsd_robocar_basics2_pkg
[7.628s] Installing subpub_lidar_actuator_node script to /home/projects/ros2_ws/src/install/ucsd_robocar_basics2_pkg/lib/ucsd_robocar_basics2_pkg
[7.629s] writing list of installed files to '/home/projects/ros2_ws/src/build/ucsd_robocar_basics2_pkg/install.log'
[7.750s] Invoked command in '/home/projects/ros2_ws/src/ucsd_robocar_hub2/ucsd_robocar_basics2_pkg' returned '0': PYTHONPATH=/home/projects/ros2_ws/src/install/ucsd_robocar_basics2_pkg/lib/python3.8/site-packages:${PYTHONPATH} /usr/bin/python3 setup.py egg_info --egg-base ../../build/ucsd_robocar_basics2_pkg build --build-base /home/projects/ros2_ws/src/build/ucsd_robocar_basics2_pkg/build install --prefix /home/projects/ros2_ws/src/install/ucsd_robocar_basics2_pkg --record /home/projects/ros2_ws/src/build/ucsd_robocar_basics2_pkg/install.log --single-version-externally-managed
