[0.919s] DEBUG:colcon:Command line arguments: ['/usr/bin/colcon', 'build', '--packages-select', 'actuators_pkg']
[0.919s] DEBUG:colcon:Parsed command line arguments: Namespace(allow_overriding=[], ament_cmake_args=None, base_paths=['.'], build_base='build', catkin_cmake_args=None, catkin_skip_building_tests=False, cmake_args=None, cmake_clean_cache=False, cmake_clean_first=False, cmake_force_configure=False, cmake_target=None, cmake_target_skip_unavailable=False, continue_on_error=False, event_handlers=None, executor='parallel', ignore_user_meta=False, install_base='install', log_base=None, log_level=None, main=<bound method BuildVerb.main of <colcon_core.verb.build.BuildVerb object at 0x7f8638a7f0>>, merge_install=False, metas=['./colcon.meta'], mixin=None, mixin_files=None, mixin_verb=('build',), packages_above=None, packages_above_and_dependencies=None, packages_above_depth=None, packages_end=None, packages_ignore=None, packages_ignore_regex=None, packages_select=['actuators_pkg'], packages_select_build_failed=False, packages_select_by_dep=None, packages_select_regex=None, packages_select_test_failures=False, packages_skip=None, packages_skip_build_finished=False, packages_skip_by_dep=None, packages_skip_regex=None, packages_skip_test_passed=False, packages_skip_up_to=None, packages_start=None, packages_up_to=None, packages_up_to_regex=None, parallel_workers=4, paths=None, symlink_install=False, test_result_base=None, verb_extension=<colcon_core.verb.build.BuildVerb object at 0x7f8638a7f0>, verb_name='build', verb_parser=<colcon_mixin.mixin.mixin_argument.MixinArgumentDecorator object at 0x7f8638adc0>)
[0.943s] Level 1:colcon.colcon_core.package_discovery:discover_packages(colcon_meta) check parameters
[0.946s] INFO:colcon.colcon_metadata.package_discovery.colcon_meta:Using configuration from '/root/.colcon/metadata/default/Gazebo.meta'
[0.948s] INFO:colcon.colcon_metadata.package_discovery.colcon_meta:Using configuration from '/root/.colcon/metadata/default/fastrtps.meta'
[0.948s] Level 1:colcon.colcon_core.package_discovery:discover_packages(recursive) check parameters
[0.949s] Level 1:colcon.colcon_core.package_discovery:discover_packages(ignore) check parameters
[0.949s] Level 1:colcon.colcon_core.package_discovery:discover_packages(path) check parameters
[0.949s] Level 1:colcon.colcon_core.package_discovery:discover_packages(colcon_meta) discover
[0.949s] Level 1:colcon.colcon_core.package_discovery:discover_packages(recursive) discover
[0.949s] INFO:colcon.colcon_core.package_discovery:Crawling recursively for packages in '/home/projects/ros2_ws/src/actuators_pkg/actuators_pkg'
[0.950s] Level 1:colcon.colcon_core.package_identification:_identify(.) by extensions ['ignore', 'ignore_ament_install']
[0.950s] Level 1:colcon.colcon_core.package_identification:_identify(.) by extension 'ignore'
[0.950s] Level 1:colcon.colcon_core.package_identification:_identify(.) by extension 'ignore_ament_install'
[0.951s] Level 1:colcon.colcon_core.package_identification:_identify(.) by extensions ['colcon_pkg']
[0.951s] Level 1:colcon.colcon_core.package_identification:_identify(.) by extension 'colcon_pkg'
[0.951s] Level 1:colcon.colcon_core.package_identification:_identify(.) by extensions ['colcon_meta']
[0.951s] Level 1:colcon.colcon_core.package_identification:_identify(.) by extension 'colcon_meta'
[0.951s] Level 1:colcon.colcon_core.package_identification:_identify(.) by extensions ['ros']
[0.951s] Level 1:colcon.colcon_core.package_identification:_identify(.) by extension 'ros'
[1.003s] Level 1:colcon.colcon_core.package_identification:_identify(.) by extensions ['cmake', 'python']
[1.003s] Level 1:colcon.colcon_core.package_identification:_identify(.) by extension 'cmake'
[1.004s] Level 1:colcon.colcon_core.package_identification:_identify(.) by extension 'python'
[1.004s] Level 1:colcon.colcon_core.package_identification:_identify(.) by extensions ['python_setup_py']
[1.004s] Level 1:colcon.colcon_core.package_identification:_identify(.) by extension 'python_setup_py'
[1.004s] Level 1:colcon.colcon_core.package_identification:_identify(build) by extensions ['ignore', 'ignore_ament_install']
[1.005s] Level 1:colcon.colcon_core.package_identification:_identify(build) by extension 'ignore'
[1.005s] Level 1:colcon.colcon_core.package_identification:_identify(build) ignored
[1.006s] Level 1:colcon.colcon_core.package_identification:_identify(install) by extensions ['ignore', 'ignore_ament_install']
[1.006s] Level 1:colcon.colcon_core.package_identification:_identify(install) by extension 'ignore'
[1.006s] Level 1:colcon.colcon_core.package_identification:_identify(install) ignored
[1.006s] Level 1:colcon.colcon_core.package_identification:_identify(log) by extensions ['ignore', 'ignore_ament_install']
[1.007s] Level 1:colcon.colcon_core.package_identification:_identify(log) by extension 'ignore'
[1.007s] Level 1:colcon.colcon_core.package_identification:_identify(log) ignored
[1.007s] Level 1:colcon.colcon_core.package_identification:_identify(vesc_info_submodule) by extensions ['ignore', 'ignore_ament_install']
[1.008s] Level 1:colcon.colcon_core.package_identification:_identify(vesc_info_submodule) by extension 'ignore'
[1.008s] Level 1:colcon.colcon_core.package_identification:_identify(vesc_info_submodule) by extension 'ignore_ament_install'
[1.008s] Level 1:colcon.colcon_core.package_identification:_identify(vesc_info_submodule) by extensions ['colcon_pkg']
[1.008s] Level 1:colcon.colcon_core.package_identification:_identify(vesc_info_submodule) by extension 'colcon_pkg'
[1.009s] Level 1:colcon.colcon_core.package_identification:_identify(vesc_info_submodule) by extensions ['colcon_meta']
[1.009s] Level 1:colcon.colcon_core.package_identification:_identify(vesc_info_submodule) by extension 'colcon_meta'
[1.009s] Level 1:colcon.colcon_core.package_identification:_identify(vesc_info_submodule) by extensions ['ros']
[1.009s] Level 1:colcon.colcon_core.package_identification:_identify(vesc_info_submodule) by extension 'ros'
[1.009s] Level 1:colcon.colcon_core.package_identification:_identify(vesc_info_submodule) by extensions ['cmake', 'python']
[1.010s] Level 1:colcon.colcon_core.package_identification:_identify(vesc_info_submodule) by extension 'cmake'
[1.010s] Level 1:colcon.colcon_core.package_identification:_identify(vesc_info_submodule) by extension 'python'
[1.010s] Level 1:colcon.colcon_core.package_identification:_identify(vesc_info_submodule) by extensions ['python_setup_py']
[1.010s] Level 1:colcon.colcon_core.package_identification:_identify(vesc_info_submodule) by extension 'python_setup_py'
[1.011s] Level 1:colcon.colcon_core.package_identification:_identify(vesc_info_submodule/__pycache__) by extensions ['ignore', 'ignore_ament_install']
[1.011s] Level 1:colcon.colcon_core.package_identification:_identify(vesc_info_submodule/__pycache__) by extension 'ignore'
[1.011s] Level 1:colcon.colcon_core.package_identification:_identify(vesc_info_submodule/__pycache__) by extension 'ignore_ament_install'
[1.011s] Level 1:colcon.colcon_core.package_identification:_identify(vesc_info_submodule/__pycache__) by extensions ['colcon_pkg']
[1.012s] Level 1:colcon.colcon_core.package_identification:_identify(vesc_info_submodule/__pycache__) by extension 'colcon_pkg'
[1.012s] Level 1:colcon.colcon_core.package_identification:_identify(vesc_info_submodule/__pycache__) by extensions ['colcon_meta']
[1.012s] Level 1:colcon.colcon_core.package_identification:_identify(vesc_info_submodule/__pycache__) by extension 'colcon_meta'
[1.012s] Level 1:colcon.colcon_core.package_identification:_identify(vesc_info_submodule/__pycache__) by extensions ['ros']
[1.012s] Level 1:colcon.colcon_core.package_identification:_identify(vesc_info_submodule/__pycache__) by extension 'ros'
[1.013s] Level 1:colcon.colcon_core.package_identification:_identify(vesc_info_submodule/__pycache__) by extensions ['cmake', 'python']
[1.013s] Level 1:colcon.colcon_core.package_identification:_identify(vesc_info_submodule/__pycache__) by extension 'cmake'
[1.013s] Level 1:colcon.colcon_core.package_identification:_identify(vesc_info_submodule/__pycache__) by extension 'python'
[1.013s] Level 1:colcon.colcon_core.package_identification:_identify(vesc_info_submodule/__pycache__) by extensions ['python_setup_py']
[1.014s] Level 1:colcon.colcon_core.package_identification:_identify(vesc_info_submodule/__pycache__) by extension 'python_setup_py'
[1.014s] Level 1:colcon.colcon_core.package_discovery:discover_packages(recursive) using defaults
[1.014s] Level 1:colcon.colcon_core.package_discovery:discover_packages(ignore) discover
[1.014s] Level 1:colcon.colcon_core.package_discovery:discover_packages(ignore) using defaults
[1.014s] Level 1:colcon.colcon_core.package_discovery:discover_packages(path) discover
[1.014s] Level 1:colcon.colcon_core.package_discovery:discover_packages(path) using defaults
[1.017s] WARNING:colcon.colcon_core.package_selection:ignoring unknown package 'actuators_pkg' in --packages-select
[1.132s] INFO:colcon.colcon_core.executor:Executing jobs using 'parallel' executor
[1.141s] DEBUG:colcon.colcon_parallel_executor.executor.parallel:run_until_complete
[1.142s] DEBUG:colcon.colcon_parallel_executor.executor.parallel:closing loop
[1.142s] DEBUG:colcon.colcon_parallel_executor.executor.parallel:loop closed
[1.142s] DEBUG:colcon.colcon_parallel_executor.executor.parallel:run_until_complete finished with '0'
[1.142s] DEBUG:colcon.colcon_core.event_reactor:joining thread
[1.165s] INFO:colcon.colcon_core.plugin_system:Skipping extension 'colcon_notification.desktop_notification.notify_send': Could not find 'notify-send'
[1.165s] INFO:colcon.colcon_core.plugin_system:Skipping extension 'colcon_notification.desktop_notification.terminal_notifier': Not used on non-Darwin systems
[1.165s] INFO:colcon.colcon_core.plugin_system:Skipping extension 'colcon_notification.desktop_notification.win32': Not used on non-Windows systems
[1.166s] INFO:colcon.colcon_notification.desktop_notification:Sending desktop notification using 'notify2'
[1.520s] DEBUG:colcon.colcon_notification.desktop_notification.notify2:Failed to initialize notify2: org.freedesktop.DBus.Error.ServiceUnknown: The name org.freedesktop.Notifications was not provided by any .service files
[1.520s] DEBUG:colcon.colcon_core.event_reactor:joined thread
[1.538s] INFO:colcon.colcon_core.plugin_system:Skipping extension 'colcon_core.shell.bat': Not used on non-Windows systems
[1.539s] INFO:colcon.colcon_core.shell:Creating prefix script '/home/projects/ros2_ws/src/actuators_pkg/actuators_pkg/install/local_setup.ps1'
[1.543s] INFO:colcon.colcon_core.shell:Creating prefix util module '/home/projects/ros2_ws/src/actuators_pkg/actuators_pkg/install/_local_setup_util_ps1.py'
[1.550s] INFO:colcon.colcon_core.shell:Creating prefix chain script '/home/projects/ros2_ws/src/actuators_pkg/actuators_pkg/install/setup.ps1'
[1.562s] INFO:colcon.colcon_core.shell:Creating prefix script '/home/projects/ros2_ws/src/actuators_pkg/actuators_pkg/install/local_setup.sh'
[1.565s] INFO:colcon.colcon_core.shell:Creating prefix util module '/home/projects/ros2_ws/src/actuators_pkg/actuators_pkg/install/_local_setup_util_sh.py'
[1.567s] INFO:colcon.colcon_core.shell:Creating prefix chain script '/home/projects/ros2_ws/src/actuators_pkg/actuators_pkg/install/setup.sh'
[1.579s] INFO:colcon.colcon_core.shell:Creating prefix script '/home/projects/ros2_ws/src/actuators_pkg/actuators_pkg/install/local_setup.bash'
[1.582s] INFO:colcon.colcon_core.shell:Creating prefix chain script '/home/projects/ros2_ws/src/actuators_pkg/actuators_pkg/install/setup.bash'
[1.593s] INFO:colcon.colcon_core.shell:Creating prefix script '/home/projects/ros2_ws/src/actuators_pkg/actuators_pkg/install/local_setup.zsh'
[1.596s] INFO:colcon.colcon_core.shell:Creating prefix chain script '/home/projects/ros2_ws/src/actuators_pkg/actuators_pkg/install/setup.zsh'
