[9.354s] Invoking command in '/home/projects/ros2_ws/src/ucsd_robocar_hub2/ucsd_robocar_control2_pkg': PYTHONPATH=/home/projects/ros2_ws/src/install/ucsd_robocar_control2_pkg/lib/python3.8/site-packages:${PYTHONPATH} /usr/bin/python3 setup.py egg_info --egg-base ../../build/ucsd_robocar_control2_pkg build --build-base /home/projects/ros2_ws/src/build/ucsd_robocar_control2_pkg/build install --prefix /home/projects/ros2_ws/src/install/ucsd_robocar_control2_pkg --record /home/projects/ros2_ws/src/build/ucsd_robocar_control2_pkg/install.log --single-version-externally-managed
[11.032s] running egg_info
[11.036s] writing ../../build/ucsd_robocar_control2_pkg/ucsd_robocar_control2_pkg.egg-info/PKG-INFO
[11.038s] writing dependency_links to ../../build/ucsd_robocar_control2_pkg/ucsd_robocar_control2_pkg.egg-info/dependency_links.txt
[11.040s] writing entry points to ../../build/ucsd_robocar_control2_pkg/ucsd_robocar_control2_pkg.egg-info/entry_points.txt
[11.042s] writing requirements to ../../build/ucsd_robocar_control2_pkg/ucsd_robocar_control2_pkg.egg-info/requires.txt
[11.043s] writing top-level names to ../../build/ucsd_robocar_control2_pkg/ucsd_robocar_control2_pkg.egg-info/top_level.txt
[11.304s] reading manifest file '../../build/ucsd_robocar_control2_pkg/ucsd_robocar_control2_pkg.egg-info/SOURCES.txt'
[11.312s] writing manifest file '../../build/ucsd_robocar_control2_pkg/ucsd_robocar_control2_pkg.egg-info/SOURCES.txt'
[11.314s] running build
[11.314s] running build_py
[11.327s] running install
[11.332s] running install_lib
[11.345s] running install_data
[11.354s] running install_egg_info
[11.364s] removing '/home/projects/ros2_ws/src/install/ucsd_robocar_control2_pkg/lib/python3.8/site-packages/ucsd_robocar_control2_pkg-0.0.0-py3.8.egg-info' (and everything under it)
[11.367s] Copying ../../build/ucsd_robocar_control2_pkg/ucsd_robocar_control2_pkg.egg-info to /home/projects/ros2_ws/src/install/ucsd_robocar_control2_pkg/lib/python3.8/site-packages/ucsd_robocar_control2_pkg-0.0.0-py3.8.egg-info
[11.372s] running install_scripts
[11.460s] Installing lqg_node script to /home/projects/ros2_ws/src/install/ucsd_robocar_control2_pkg/lib/ucsd_robocar_control2_pkg
[11.461s] Installing lqg_w_node script to /home/projects/ros2_ws/src/install/ucsd_robocar_control2_pkg/lib/ucsd_robocar_control2_pkg
[11.462s] Installing lqr_node script to /home/projects/ros2_ws/src/install/ucsd_robocar_control2_pkg/lib/ucsd_robocar_control2_pkg
[11.463s] Installing mpc_node script to /home/projects/ros2_ws/src/install/ucsd_robocar_control2_pkg/lib/ucsd_robocar_control2_pkg
[11.464s] Installing pid_node script to /home/projects/ros2_ws/src/install/ucsd_robocar_control2_pkg/lib/ucsd_robocar_control2_pkg
[11.466s] writing list of installed files to '/home/projects/ros2_ws/src/build/ucsd_robocar_control2_pkg/install.log'
[11.586s] Invoked command in '/home/projects/ros2_ws/src/ucsd_robocar_hub2/ucsd_robocar_control2_pkg' returned '0': PYTHONPATH=/home/projects/ros2_ws/src/install/ucsd_robocar_control2_pkg/lib/python3.8/site-packages:${PYTHONPATH} /usr/bin/python3 setup.py egg_info --egg-base ../../build/ucsd_robocar_control2_pkg build --build-base /home/projects/ros2_ws/src/build/ucsd_robocar_control2_pkg/build install --prefix /home/projects/ros2_ws/src/install/ucsd_robocar_control2_pkg --record /home/projects/ros2_ws/src/build/ucsd_robocar_control2_pkg/install.log --single-version-externally-managed
