[7.319s] Invoking command in '/home/projects/ros2_ws/src/ucsd_robocar_hub2/ucsd_robocar_actuator2_pkg': PYTHONPATH=/home/projects/ros2_ws/src/install/ucsd_robocar_actuator2_pkg/lib/python3.8/site-packages:${PYTHONPATH} /usr/bin/python3 setup.py egg_info --egg-base ../../build/ucsd_robocar_actuator2_pkg build --build-base /home/projects/ros2_ws/src/build/ucsd_robocar_actuator2_pkg/build install --prefix /home/projects/ros2_ws/src/install/ucsd_robocar_actuator2_pkg --record /home/projects/ros2_ws/src/build/ucsd_robocar_actuator2_pkg/install.log --single-version-externally-managed
[8.753s] running egg_info
[8.757s] writing ../../build/ucsd_robocar_actuator2_pkg/ucsd_robocar_actuator2_pkg.egg-info/PKG-INFO
[8.758s] writing dependency_links to ../../build/ucsd_robocar_actuator2_pkg/ucsd_robocar_actuator2_pkg.egg-info/dependency_links.txt
[8.760s] writing entry points to ../../build/ucsd_robocar_actuator2_pkg/ucsd_robocar_actuator2_pkg.egg-info/entry_points.txt
[8.761s] writing requirements to ../../build/ucsd_robocar_actuator2_pkg/ucsd_robocar_actuator2_pkg.egg-info/requires.txt
[8.763s] writing top-level names to ../../build/ucsd_robocar_actuator2_pkg/ucsd_robocar_actuator2_pkg.egg-info/top_level.txt
[8.998s] reading manifest file '../../build/ucsd_robocar_actuator2_pkg/ucsd_robocar_actuator2_pkg.egg-info/SOURCES.txt'
[9.008s] writing manifest file '../../build/ucsd_robocar_actuator2_pkg/ucsd_robocar_actuator2_pkg.egg-info/SOURCES.txt'
[9.008s] running build
[9.009s] running build_py
[9.012s] running install
[9.016s] running install_lib
[9.027s] running install_data
[9.034s] running install_egg_info
[9.043s] removing '/home/projects/ros2_ws/src/install/ucsd_robocar_actuator2_pkg/lib/python3.8/site-packages/ucsd_robocar_actuator2_pkg-0.0.0-py3.8.egg-info' (and everything under it)
[9.044s] Copying ../../build/ucsd_robocar_actuator2_pkg/ucsd_robocar_actuator2_pkg.egg-info to /home/projects/ros2_ws/src/install/ucsd_robocar_actuator2_pkg/lib/python3.8/site-packages/ucsd_robocar_actuator2_pkg-0.0.0-py3.8.egg-info
[9.047s] running install_scripts
[9.139s] Installing adafruit_continuous_servo_node script to /home/projects/ros2_ws/src/install/ucsd_robocar_actuator2_pkg/lib/ucsd_robocar_actuator2_pkg
[9.141s] Installing adafruit_servo_node script to /home/projects/ros2_ws/src/install/ucsd_robocar_actuator2_pkg/lib/ucsd_robocar_actuator2_pkg
[9.142s] Installing adafruit_twist_node script to /home/projects/ros2_ws/src/install/ucsd_robocar_actuator2_pkg/lib/ucsd_robocar_actuator2_pkg
[9.143s] Installing vesc_odom_node script to /home/projects/ros2_ws/src/install/ucsd_robocar_actuator2_pkg/lib/ucsd_robocar_actuator2_pkg
[9.143s] Installing vesc_twist_node script to /home/projects/ros2_ws/src/install/ucsd_robocar_actuator2_pkg/lib/ucsd_robocar_actuator2_pkg
[9.144s] writing list of installed files to '/home/projects/ros2_ws/src/build/ucsd_robocar_actuator2_pkg/install.log'
[10.531s] Invoked command in '/home/projects/ros2_ws/src/ucsd_robocar_hub2/ucsd_robocar_actuator2_pkg' returned '0': PYTHONPATH=/home/projects/ros2_ws/src/install/ucsd_robocar_actuator2_pkg/lib/python3.8/site-packages:${PYTHONPATH} /usr/bin/python3 setup.py egg_info --egg-base ../../build/ucsd_robocar_actuator2_pkg build --build-base /home/projects/ros2_ws/src/build/ucsd_robocar_actuator2_pkg/build install --prefix /home/projects/ros2_ws/src/install/ucsd_robocar_actuator2_pkg --record /home/projects/ros2_ws/src/build/ucsd_robocar_actuator2_pkg/install.log --single-version-externally-managed
