[4.730s] Invoking command in '/home/projects/ros2_ws/src/ucsd_robocar_hub2/ucsd_robocar_path2_pkg': PYTHONPATH=/home/projects/ros2_ws/src/install/ucsd_robocar_path2_pkg/lib/python3.8/site-packages:${PYTHONPATH} /usr/bin/python3 setup.py egg_info --egg-base ../../build/ucsd_robocar_path2_pkg build --build-base /home/projects/ros2_ws/src/build/ucsd_robocar_path2_pkg/build install --prefix /home/projects/ros2_ws/src/install/ucsd_robocar_path2_pkg --record /home/projects/ros2_ws/src/build/ucsd_robocar_path2_pkg/install.log --single-version-externally-managed
[5.891s] running egg_info
[5.894s] writing ../../build/ucsd_robocar_path2_pkg/ucsd_robocar_path2_pkg.egg-info/PKG-INFO
[5.895s] writing dependency_links to ../../build/ucsd_robocar_path2_pkg/ucsd_robocar_path2_pkg.egg-info/dependency_links.txt
[5.896s] writing entry points to ../../build/ucsd_robocar_path2_pkg/ucsd_robocar_path2_pkg.egg-info/entry_points.txt
[5.896s] writing requirements to ../../build/ucsd_robocar_path2_pkg/ucsd_robocar_path2_pkg.egg-info/requires.txt
[5.897s] writing top-level names to ../../build/ucsd_robocar_path2_pkg/ucsd_robocar_path2_pkg.egg-info/top_level.txt
[6.063s] reading manifest file '../../build/ucsd_robocar_path2_pkg/ucsd_robocar_path2_pkg.egg-info/SOURCES.txt'
[6.068s] writing manifest file '../../build/ucsd_robocar_path2_pkg/ucsd_robocar_path2_pkg.egg-info/SOURCES.txt'
[6.068s] running build
[6.069s] running build_py
[6.072s] running install
[6.076s] running install_lib
[6.084s] running install_data
[6.088s] running install_egg_info
[6.095s] removing '/home/projects/ros2_ws/src/install/ucsd_robocar_path2_pkg/lib/python3.8/site-packages/ucsd_robocar_path2_pkg-0.0.0-py3.8.egg-info' (and everything under it)
[6.097s] Copying ../../build/ucsd_robocar_path2_pkg/ucsd_robocar_path2_pkg.egg-info to /home/projects/ros2_ws/src/install/ucsd_robocar_path2_pkg/lib/python3.8/site-packages/ucsd_robocar_path2_pkg-0.0.0-py3.8.egg-info
[6.100s] running install_scripts
[6.177s] Installing curve_localizer_node script to /home/projects/ros2_ws/src/install/ucsd_robocar_path2_pkg/lib/ucsd_robocar_path2_pkg
[6.179s] Installing path_provider_node script to /home/projects/ros2_ws/src/install/ucsd_robocar_path2_pkg/lib/ucsd_robocar_path2_pkg
[6.180s] Installing tube_follower_node script to /home/projects/ros2_ws/src/install/ucsd_robocar_path2_pkg/lib/ucsd_robocar_path2_pkg
[6.180s] writing list of installed files to '/home/projects/ros2_ws/src/build/ucsd_robocar_path2_pkg/install.log'
[6.291s] Invoked command in '/home/projects/ros2_ws/src/ucsd_robocar_hub2/ucsd_robocar_path2_pkg' returned '0': PYTHONPATH=/home/projects/ros2_ws/src/install/ucsd_robocar_path2_pkg/lib/python3.8/site-packages:${PYTHONPATH} /usr/bin/python3 setup.py egg_info --egg-base ../../build/ucsd_robocar_path2_pkg build --build-base /home/projects/ros2_ws/src/build/ucsd_robocar_path2_pkg/build install --prefix /home/projects/ros2_ws/src/install/ucsd_robocar_path2_pkg --record /home/projects/ros2_ws/src/build/ucsd_robocar_path2_pkg/install.log --single-version-externally-managed
