[0.735s] DEBUG:colcon:Command line arguments: ['/usr/bin/colcon', 'build', '--packages-select', 'lidar_avoidance', '--allow-overriding', 'lidar_avoidance']
[0.736s] DEBUG:colcon:Parsed command line arguments: Namespace(allow_overriding=['lidar_avoidance'], ament_cmake_args=None, base_paths=['.'], build_base='build', catkin_cmake_args=None, catkin_skip_building_tests=False, cmake_args=None, cmake_clean_cache=False, cmake_clean_first=False, cmake_force_configure=False, cmake_target=None, cmake_target_skip_unavailable=False, continue_on_error=False, event_handlers=None, executor='parallel', ignore_user_meta=False, install_base='install', log_base=None, log_level=None, main=<bound method BuildVerb.main of <colcon_core.verb.build.BuildVerb object at 0x7f7f9bcca0>>, merge_install=False, metas=['./colcon.meta'], mixin=None, mixin_files=None, mixin_verb=('build',), packages_above=None, packages_above_and_dependencies=None, packages_above_depth=None, packages_end=None, packages_ignore=None, packages_ignore_regex=None, packages_select=['lidar_avoidance'], packages_select_build_failed=False, packages_select_by_dep=None, packages_select_regex=None, packages_select_test_failures=False, packages_skip=None, packages_skip_build_finished=False, packages_skip_by_dep=None, packages_skip_regex=None, packages_skip_test_passed=False, packages_skip_up_to=None, packages_start=None, packages_up_to=None, packages_up_to_regex=None, parallel_workers=4, paths=None, symlink_install=False, test_result_base=None, verb_extension=<colcon_core.verb.build.BuildVerb object at 0x7f7f9bcca0>, verb_name='build', verb_parser=<colcon_mixin.mixin.mixin_argument.MixinArgumentDecorator object at 0x7f7f9c62b0>)
[0.757s] Level 1:colcon.colcon_core.package_discovery:discover_packages(colcon_meta) check parameters
[0.759s] INFO:colcon.colcon_metadata.package_discovery.colcon_meta:Using configuration from '/root/.colcon/metadata/default/Gazebo.meta'
[0.762s] INFO:colcon.colcon_metadata.package_discovery.colcon_meta:Using configuration from '/root/.colcon/metadata/default/fastrtps.meta'
[0.762s] Level 1:colcon.colcon_core.package_discovery:discover_packages(recursive) check parameters
[0.762s] Level 1:colcon.colcon_core.package_discovery:discover_packages(ignore) check parameters
[0.762s] Level 1:colcon.colcon_core.package_discovery:discover_packages(path) check parameters
[0.762s] Level 1:colcon.colcon_core.package_discovery:discover_packages(colcon_meta) discover
[0.763s] Level 1:colcon.colcon_core.package_discovery:discover_packages(recursive) discover
[0.763s] INFO:colcon.colcon_core.package_discovery:Crawling recursively for packages in '/home/projects/ros2_ws/src/lidar_avoidance'
[0.763s] Level 1:colcon.colcon_core.package_identification:_identify(.) by extensions ['ignore', 'ignore_ament_install']
[0.763s] Level 1:colcon.colcon_core.package_identification:_identify(.) by extension 'ignore'
[0.764s] Level 1:colcon.colcon_core.package_identification:_identify(.) by extension 'ignore_ament_install'
[0.764s] Level 1:colcon.colcon_core.package_identification:_identify(.) by extensions ['colcon_pkg']
[0.764s] Level 1:colcon.colcon_core.package_identification:_identify(.) by extension 'colcon_pkg'
[0.764s] Level 1:colcon.colcon_core.package_identification:_identify(.) by extensions ['colcon_meta']
[0.764s] Level 1:colcon.colcon_core.package_identification:_identify(.) by extension 'colcon_meta'
[0.765s] Level 1:colcon.colcon_core.package_identification:_identify(.) by extensions ['ros']
[0.765s] Level 1:colcon.colcon_core.package_identification:_identify(.) by extension 'ros'
[0.822s] DEBUG:colcon.colcon_core.package_identification:Package '.' with type 'ros.ament_python' and name 'lidar_avoidance'
[0.823s] Level 1:colcon.colcon_core.package_discovery:discover_packages(recursive) using defaults
[0.823s] Level 1:colcon.colcon_core.package_discovery:discover_packages(ignore) discover
[0.823s] Level 1:colcon.colcon_core.package_discovery:discover_packages(ignore) using defaults
[0.823s] Level 1:colcon.colcon_core.package_discovery:discover_packages(path) discover
[0.823s] Level 1:colcon.colcon_core.package_discovery:discover_packages(path) using defaults
[0.897s] Level 5:colcon.colcon_core.verb:set package 'lidar_avoidance' build argument 'cmake_args' from command line to 'None'
[0.898s] Level 5:colcon.colcon_core.verb:set package 'lidar_avoidance' build argument 'cmake_target' from command line to 'None'
[0.898s] Level 5:colcon.colcon_core.verb:set package 'lidar_avoidance' build argument 'cmake_target_skip_unavailable' from command line to 'False'
[0.898s] Level 5:colcon.colcon_core.verb:set package 'lidar_avoidance' build argument 'cmake_clean_cache' from command line to 'False'
[0.898s] Level 5:colcon.colcon_core.verb:set package 'lidar_avoidance' build argument 'cmake_clean_first' from command line to 'False'
[0.898s] Level 5:colcon.colcon_core.verb:set package 'lidar_avoidance' build argument 'cmake_force_configure' from command line to 'False'
[0.898s] Level 5:colcon.colcon_core.verb:set package 'lidar_avoidance' build argument 'ament_cmake_args' from command line to 'None'
[0.899s] Level 5:colcon.colcon_core.verb:set package 'lidar_avoidance' build argument 'catkin_cmake_args' from command line to 'None'
[0.899s] Level 5:colcon.colcon_core.verb:set package 'lidar_avoidance' build argument 'catkin_skip_building_tests' from command line to 'False'
[0.899s] DEBUG:colcon.colcon_core.verb:Building package 'lidar_avoidance' with the following arguments: {'ament_cmake_args': None, 'build_base': '/home/projects/ros2_ws/src/lidar_avoidance/build/lidar_avoidance', 'catkin_cmake_args': None, 'catkin_skip_building_tests': False, 'cmake_args': None, 'cmake_clean_cache': False, 'cmake_clean_first': False, 'cmake_force_configure': False, 'cmake_target': None, 'cmake_target_skip_unavailable': False, 'install_base': '/home/projects/ros2_ws/src/lidar_avoidance/install/lidar_avoidance', 'merge_install': False, 'path': '/home/projects/ros2_ws/src/lidar_avoidance', 'symlink_install': False, 'test_result_base': None}
[0.921s] INFO:colcon.colcon_core.executor:Executing jobs using 'parallel' executor
[0.929s] DEBUG:colcon.colcon_parallel_executor.executor.parallel:run_until_complete
[0.930s] INFO:colcon.colcon_ros.task.ament_python.build:Building ROS package in '/home/projects/ros2_ws/src/lidar_avoidance' with build type 'ament_python'
[0.931s] Level 1:colcon.colcon_core.shell:create_environment_hook('lidar_avoidance', 'ament_prefix_path')
[0.945s] INFO:colcon.colcon_core.plugin_system:Skipping extension 'colcon_core.shell.bat': Not used on non-Windows systems
[0.946s] INFO:colcon.colcon_core.shell:Creating environment hook '/home/projects/ros2_ws/src/lidar_avoidance/install/lidar_avoidance/share/lidar_avoidance/hook/ament_prefix_path.ps1'
[0.949s] INFO:colcon.colcon_core.shell:Creating environment descriptor '/home/projects/ros2_ws/src/lidar_avoidance/install/lidar_avoidance/share/lidar_avoidance/hook/ament_prefix_path.dsv'
[0.951s] INFO:colcon.colcon_core.shell:Creating environment hook '/home/projects/ros2_ws/src/lidar_avoidance/install/lidar_avoidance/share/lidar_avoidance/hook/ament_prefix_path.sh'
[0.955s] INFO:colcon.colcon_core.shell:Skip shell extension 'powershell' for command environment: Not usable outside of PowerShell
[0.955s] DEBUG:colcon.colcon_core.shell:Skip shell extension 'dsv' for command environment
[2.065s] INFO:colcon.colcon_core.task.python.build:Building Python package in '/home/projects/ros2_ws/src/lidar_avoidance'
[2.069s] INFO:colcon.colcon_core.shell:Skip shell extension 'powershell' for command environment: Not usable outside of PowerShell
[2.069s] DEBUG:colcon.colcon_core.shell:Skip shell extension 'dsv' for command environment
[3.963s] DEBUG:colcon.colcon_core.event_handler.log_command:Invoking command in '/home/projects/ros2_ws/src/lidar_avoidance': PYTHONPATH=/home/projects/ros2_ws/src/lidar_avoidance/install/lidar_avoidance/lib/python3.8/site-packages:${PYTHONPATH} /usr/bin/python3 setup.py egg_info --egg-base build/lidar_avoidance build --build-base /home/projects/ros2_ws/src/lidar_avoidance/build/lidar_avoidance/build install --prefix /home/projects/ros2_ws/src/lidar_avoidance/install/lidar_avoidance --record /home/projects/ros2_ws/src/lidar_avoidance/build/lidar_avoidance/install.log --single-version-externally-managed
[5.368s] DEBUG:colcon.colcon_core.event_handler.log_command:Invoked command in '/home/projects/ros2_ws/src/lidar_avoidance' returned '0': PYTHONPATH=/home/projects/ros2_ws/src/lidar_avoidance/install/lidar_avoidance/lib/python3.8/site-packages:${PYTHONPATH} /usr/bin/python3 setup.py egg_info --egg-base build/lidar_avoidance build --build-base /home/projects/ros2_ws/src/lidar_avoidance/build/lidar_avoidance/build install --prefix /home/projects/ros2_ws/src/lidar_avoidance/install/lidar_avoidance --record /home/projects/ros2_ws/src/lidar_avoidance/build/lidar_avoidance/install.log --single-version-externally-managed
[5.383s] Level 1:colcon.colcon_core.environment:checking '/home/projects/ros2_ws/src/lidar_avoidance/install/lidar_avoidance' for CMake module files
[5.385s] Level 1:colcon.colcon_core.environment:checking '/home/projects/ros2_ws/src/lidar_avoidance/install/lidar_avoidance' for CMake config files
[5.388s] Level 1:colcon.colcon_core.environment:checking '/home/projects/ros2_ws/src/lidar_avoidance/install/lidar_avoidance/lib'
[5.389s] Level 1:colcon.colcon_core.environment:checking '/home/projects/ros2_ws/src/lidar_avoidance/install/lidar_avoidance/bin'
[5.389s] Level 1:colcon.colcon_core.environment:checking '/home/projects/ros2_ws/src/lidar_avoidance/install/lidar_avoidance/lib/pkgconfig/lidar_avoidance.pc'
[5.389s] Level 1:colcon.colcon_core.environment:checking '/home/projects/ros2_ws/src/lidar_avoidance/install/lidar_avoidance/lib/python3.8/site-packages'
[5.390s] Level 1:colcon.colcon_core.shell:create_environment_hook('lidar_avoidance', 'pythonpath')
[5.392s] INFO:colcon.colcon_core.shell:Creating environment hook '/home/projects/ros2_ws/src/lidar_avoidance/install/lidar_avoidance/share/lidar_avoidance/hook/pythonpath.ps1'
[5.394s] INFO:colcon.colcon_core.shell:Creating environment descriptor '/home/projects/ros2_ws/src/lidar_avoidance/install/lidar_avoidance/share/lidar_avoidance/hook/pythonpath.dsv'
[5.395s] INFO:colcon.colcon_core.shell:Creating environment hook '/home/projects/ros2_ws/src/lidar_avoidance/install/lidar_avoidance/share/lidar_avoidance/hook/pythonpath.sh'
[5.396s] Level 1:colcon.colcon_core.environment:create_environment_scripts_only(lidar_avoidance)
[5.399s] INFO:colcon.colcon_core.shell:Creating package script '/home/projects/ros2_ws/src/lidar_avoidance/install/lidar_avoidance/share/lidar_avoidance/package.ps1'
[5.402s] INFO:colcon.colcon_core.shell:Creating package descriptor '/home/projects/ros2_ws/src/lidar_avoidance/install/lidar_avoidance/share/lidar_avoidance/package.dsv'
[5.404s] INFO:colcon.colcon_core.shell:Creating package script '/home/projects/ros2_ws/src/lidar_avoidance/install/lidar_avoidance/share/lidar_avoidance/package.sh'
[5.407s] INFO:colcon.colcon_core.shell:Creating package script '/home/projects/ros2_ws/src/lidar_avoidance/install/lidar_avoidance/share/lidar_avoidance/package.bash'
[5.409s] INFO:colcon.colcon_core.shell:Creating package script '/home/projects/ros2_ws/src/lidar_avoidance/install/lidar_avoidance/share/lidar_avoidance/package.zsh'
[5.412s] Level 1:colcon.colcon_core.environment:create_file_with_runtime_dependencies(/home/projects/ros2_ws/src/lidar_avoidance/install/lidar_avoidance/share/colcon-core/packages/lidar_avoidance)
[5.413s] DEBUG:colcon.colcon_parallel_executor.executor.parallel:closing loop
[5.414s] DEBUG:colcon.colcon_parallel_executor.executor.parallel:loop closed
[5.414s] DEBUG:colcon.colcon_parallel_executor.executor.parallel:run_until_complete finished with '0'
[5.415s] DEBUG:colcon.colcon_core.event_reactor:joining thread
[5.484s] INFO:colcon.colcon_core.plugin_system:Skipping extension 'colcon_notification.desktop_notification.notify_send': Could not find 'notify-send'
[5.485s] INFO:colcon.colcon_core.plugin_system:Skipping extension 'colcon_notification.desktop_notification.terminal_notifier': Not used on non-Darwin systems
[5.485s] INFO:colcon.colcon_core.plugin_system:Skipping extension 'colcon_notification.desktop_notification.win32': Not used on non-Windows systems
[5.485s] INFO:colcon.colcon_notification.desktop_notification:Sending desktop notification using 'notify2'
[5.517s] DEBUG:colcon.colcon_notification.desktop_notification.notify2:Failed to initialize notify2: org.freedesktop.DBus.Error.Spawn.ExecFailed: /usr/bin/dbus-launch terminated abnormally with the following error: Autolaunch error: X11 initialization failed.

[5.517s] DEBUG:colcon.colcon_core.event_reactor:joined thread
[5.521s] INFO:colcon.colcon_core.shell:Creating prefix script '/home/projects/ros2_ws/src/lidar_avoidance/install/local_setup.ps1'
[5.525s] INFO:colcon.colcon_core.shell:Creating prefix util module '/home/projects/ros2_ws/src/lidar_avoidance/install/_local_setup_util_ps1.py'
[5.530s] INFO:colcon.colcon_core.shell:Creating prefix chain script '/home/projects/ros2_ws/src/lidar_avoidance/install/setup.ps1'
[5.536s] INFO:colcon.colcon_core.shell:Creating prefix script '/home/projects/ros2_ws/src/lidar_avoidance/install/local_setup.sh'
[5.538s] INFO:colcon.colcon_core.shell:Creating prefix util module '/home/projects/ros2_ws/src/lidar_avoidance/install/_local_setup_util_sh.py'
[5.540s] INFO:colcon.colcon_core.shell:Creating prefix chain script '/home/projects/ros2_ws/src/lidar_avoidance/install/setup.sh'
[5.547s] INFO:colcon.colcon_core.shell:Creating prefix script '/home/projects/ros2_ws/src/lidar_avoidance/install/local_setup.bash'
[5.548s] INFO:colcon.colcon_core.shell:Creating prefix chain script '/home/projects/ros2_ws/src/lidar_avoidance/install/setup.bash'
[5.554s] INFO:colcon.colcon_core.shell:Creating prefix script '/home/projects/ros2_ws/src/lidar_avoidance/install/local_setup.zsh'
[5.556s] INFO:colcon.colcon_core.shell:Creating prefix chain script '/home/projects/ros2_ws/src/lidar_avoidance/install/setup.zsh'
