[4.659s] Invoking command in '/home/projects/ros2_ws/src/ucsd_robocar_hub2/ucsd_robocar_sensor2_pkg': PYTHONPATH=/home/projects/ros2_ws/src/install/ucsd_robocar_sensor2_pkg/lib/python3.8/site-packages:${PYTHONPATH} /usr/bin/python3 setup.py egg_info --egg-base ../../build/ucsd_robocar_sensor2_pkg build --build-base /home/projects/ros2_ws/src/build/ucsd_robocar_sensor2_pkg/build install --prefix /home/projects/ros2_ws/src/install/ucsd_robocar_sensor2_pkg --record /home/projects/ros2_ws/src/build/ucsd_robocar_sensor2_pkg/install.log --single-version-externally-managed
[5.834s] running egg_info
[5.837s] writing ../../build/ucsd_robocar_sensor2_pkg/ucsd_robocar_sensor2_pkg.egg-info/PKG-INFO
[5.838s] writing dependency_links to ../../build/ucsd_robocar_sensor2_pkg/ucsd_robocar_sensor2_pkg.egg-info/dependency_links.txt
[5.839s] writing entry points to ../../build/ucsd_robocar_sensor2_pkg/ucsd_robocar_sensor2_pkg.egg-info/entry_points.txt
[5.840s] writing requirements to ../../build/ucsd_robocar_sensor2_pkg/ucsd_robocar_sensor2_pkg.egg-info/requires.txt
[5.840s] writing top-level names to ../../build/ucsd_robocar_sensor2_pkg/ucsd_robocar_sensor2_pkg.egg-info/top_level.txt
[6.014s] reading manifest file '../../build/ucsd_robocar_sensor2_pkg/ucsd_robocar_sensor2_pkg.egg-info/SOURCES.txt'
[6.019s] writing manifest file '../../build/ucsd_robocar_sensor2_pkg/ucsd_robocar_sensor2_pkg.egg-info/SOURCES.txt'
[6.019s] running build
[6.020s] running build_py
[6.021s] running install
[6.025s] running install_lib
[6.032s] running install_data
[6.036s] running install_egg_info
[6.044s] removing '/home/projects/ros2_ws/src/install/ucsd_robocar_sensor2_pkg/lib/python3.8/site-packages/ucsd_robocar_sensor2_pkg-0.0.0-py3.8.egg-info' (and everything under it)
[6.045s] Copying ../../build/ucsd_robocar_sensor2_pkg/ucsd_robocar_sensor2_pkg.egg-info to /home/projects/ros2_ws/src/install/ucsd_robocar_sensor2_pkg/lib/python3.8/site-packages/ucsd_robocar_sensor2_pkg-0.0.0-py3.8.egg-info
[6.049s] running install_scripts
[6.131s] Installing webcam_node script to /home/projects/ros2_ws/src/install/ucsd_robocar_sensor2_pkg/lib/ucsd_robocar_sensor2_pkg
[6.133s] writing list of installed files to '/home/projects/ros2_ws/src/build/ucsd_robocar_sensor2_pkg/install.log'
[6.239s] Invoked command in '/home/projects/ros2_ws/src/ucsd_robocar_hub2/ucsd_robocar_sensor2_pkg' returned '0': PYTHONPATH=/home/projects/ros2_ws/src/install/ucsd_robocar_sensor2_pkg/lib/python3.8/site-packages:${PYTHONPATH} /usr/bin/python3 setup.py egg_info --egg-base ../../build/ucsd_robocar_sensor2_pkg build --build-base /home/projects/ros2_ws/src/build/ucsd_robocar_sensor2_pkg/build install --prefix /home/projects/ros2_ws/src/install/ucsd_robocar_sensor2_pkg --record /home/projects/ros2_ws/src/build/ucsd_robocar_sensor2_pkg/install.log --single-version-externally-managed
