[7.753s] Invoking command in '/home/projects/ros2_ws/src/ucsd_robocar_hub2/ucsd_robocar_control2_pkg': PYTHONPATH=/home/projects/ros2_ws/src/install/ucsd_robocar_control2_pkg/lib/python3.8/site-packages:${PYTHONPATH} /usr/bin/python3 setup.py egg_info --egg-base ../../build/ucsd_robocar_control2_pkg build --build-base /home/projects/ros2_ws/src/build/ucsd_robocar_control2_pkg/build install --prefix /home/projects/ros2_ws/src/install/ucsd_robocar_control2_pkg --record /home/projects/ros2_ws/src/build/ucsd_robocar_control2_pkg/install.log --single-version-externally-managed
[9.127s] running egg_info
[9.131s] writing ../../build/ucsd_robocar_control2_pkg/ucsd_robocar_control2_pkg.egg-info/PKG-INFO
[9.132s] writing dependency_links to ../../build/ucsd_robocar_control2_pkg/ucsd_robocar_control2_pkg.egg-info/dependency_links.txt
[9.134s] writing entry points to ../../build/ucsd_robocar_control2_pkg/ucsd_robocar_control2_pkg.egg-info/entry_points.txt
[9.136s] writing requirements to ../../build/ucsd_robocar_control2_pkg/ucsd_robocar_control2_pkg.egg-info/requires.txt
[9.136s] writing top-level names to ../../build/ucsd_robocar_control2_pkg/ucsd_robocar_control2_pkg.egg-info/top_level.txt
[9.324s] reading manifest file '../../build/ucsd_robocar_control2_pkg/ucsd_robocar_control2_pkg.egg-info/SOURCES.txt'
[9.334s] writing manifest file '../../build/ucsd_robocar_control2_pkg/ucsd_robocar_control2_pkg.egg-info/SOURCES.txt'
[9.336s] running build
[9.337s] running build_py
[9.340s] running install
[9.346s] running install_lib
[9.358s] running install_data
[9.366s] running install_egg_info
[9.374s] removing '/home/projects/ros2_ws/src/install/ucsd_robocar_control2_pkg/lib/python3.8/site-packages/ucsd_robocar_control2_pkg-0.0.0-py3.8.egg-info' (and everything under it)
[9.376s] Copying ../../build/ucsd_robocar_control2_pkg/ucsd_robocar_control2_pkg.egg-info to /home/projects/ros2_ws/src/install/ucsd_robocar_control2_pkg/lib/python3.8/site-packages/ucsd_robocar_control2_pkg-0.0.0-py3.8.egg-info
[9.380s] running install_scripts
[9.483s] Installing lqg_node script to /home/projects/ros2_ws/src/install/ucsd_robocar_control2_pkg/lib/ucsd_robocar_control2_pkg
[9.485s] Installing lqg_w_node script to /home/projects/ros2_ws/src/install/ucsd_robocar_control2_pkg/lib/ucsd_robocar_control2_pkg
[9.486s] Installing lqr_node script to /home/projects/ros2_ws/src/install/ucsd_robocar_control2_pkg/lib/ucsd_robocar_control2_pkg
[9.486s] Installing mpc_node script to /home/projects/ros2_ws/src/install/ucsd_robocar_control2_pkg/lib/ucsd_robocar_control2_pkg
[9.487s] Installing pid_node script to /home/projects/ros2_ws/src/install/ucsd_robocar_control2_pkg/lib/ucsd_robocar_control2_pkg
[9.491s] writing list of installed files to '/home/projects/ros2_ws/src/build/ucsd_robocar_control2_pkg/install.log'
[9.658s] Invoked command in '/home/projects/ros2_ws/src/ucsd_robocar_hub2/ucsd_robocar_control2_pkg' returned '0': PYTHONPATH=/home/projects/ros2_ws/src/install/ucsd_robocar_control2_pkg/lib/python3.8/site-packages:${PYTHONPATH} /usr/bin/python3 setup.py egg_info --egg-base ../../build/ucsd_robocar_control2_pkg build --build-base /home/projects/ros2_ws/src/build/ucsd_robocar_control2_pkg/build install --prefix /home/projects/ros2_ws/src/install/ucsd_robocar_control2_pkg --record /home/projects/ros2_ws/src/build/ucsd_robocar_control2_pkg/install.log --single-version-externally-managed
