[4.900s] Invoking command in '/home/projects/ros2_ws/src/ucsd_robocar_hub2/ucsd_robocar_sensor2_pkg': PYTHONPATH=/home/projects/ros2_ws/src/install/ucsd_robocar_sensor2_pkg/lib/python3.8/site-packages:${PYTHONPATH} /usr/bin/python3 setup.py egg_info --egg-base ../../build/ucsd_robocar_sensor2_pkg build --build-base /home/projects/ros2_ws/src/build/ucsd_robocar_sensor2_pkg/build install --prefix /home/projects/ros2_ws/src/install/ucsd_robocar_sensor2_pkg --record /home/projects/ros2_ws/src/build/ucsd_robocar_sensor2_pkg/install.log --single-version-externally-managed
[6.141s] running egg_info
[6.144s] writing ../../build/ucsd_robocar_sensor2_pkg/ucsd_robocar_sensor2_pkg.egg-info/PKG-INFO
[6.145s] writing dependency_links to ../../build/ucsd_robocar_sensor2_pkg/ucsd_robocar_sensor2_pkg.egg-info/dependency_links.txt
[6.145s] writing entry points to ../../build/ucsd_robocar_sensor2_pkg/ucsd_robocar_sensor2_pkg.egg-info/entry_points.txt
[6.146s] writing requirements to ../../build/ucsd_robocar_sensor2_pkg/ucsd_robocar_sensor2_pkg.egg-info/requires.txt
[6.146s] writing top-level names to ../../build/ucsd_robocar_sensor2_pkg/ucsd_robocar_sensor2_pkg.egg-info/top_level.txt
[6.314s] reading manifest file '../../build/ucsd_robocar_sensor2_pkg/ucsd_robocar_sensor2_pkg.egg-info/SOURCES.txt'
[6.320s] writing manifest file '../../build/ucsd_robocar_sensor2_pkg/ucsd_robocar_sensor2_pkg.egg-info/SOURCES.txt'
[6.320s] running build
[6.320s] running build_py
[6.321s] running install
[6.327s] running install_lib
[6.333s] running install_data
[6.337s] running install_egg_info
[6.345s] removing '/home/projects/ros2_ws/src/install/ucsd_robocar_sensor2_pkg/lib/python3.8/site-packages/ucsd_robocar_sensor2_pkg-0.0.0-py3.8.egg-info' (and everything under it)
[6.347s] Copying ../../build/ucsd_robocar_sensor2_pkg/ucsd_robocar_sensor2_pkg.egg-info to /home/projects/ros2_ws/src/install/ucsd_robocar_sensor2_pkg/lib/python3.8/site-packages/ucsd_robocar_sensor2_pkg-0.0.0-py3.8.egg-info
[6.351s] running install_scripts
[6.438s] Installing webcam_node script to /home/projects/ros2_ws/src/install/ucsd_robocar_sensor2_pkg/lib/ucsd_robocar_sensor2_pkg
[6.439s] writing list of installed files to '/home/projects/ros2_ws/src/build/ucsd_robocar_sensor2_pkg/install.log'
[6.545s] Invoked command in '/home/projects/ros2_ws/src/ucsd_robocar_hub2/ucsd_robocar_sensor2_pkg' returned '0': PYTHONPATH=/home/projects/ros2_ws/src/install/ucsd_robocar_sensor2_pkg/lib/python3.8/site-packages:${PYTHONPATH} /usr/bin/python3 setup.py egg_info --egg-base ../../build/ucsd_robocar_sensor2_pkg build --build-base /home/projects/ros2_ws/src/build/ucsd_robocar_sensor2_pkg/build install --prefix /home/projects/ros2_ws/src/install/ucsd_robocar_sensor2_pkg --record /home/projects/ros2_ws/src/build/ucsd_robocar_sensor2_pkg/install.log --single-version-externally-managed
