[7.667s] Invoking command in '/home/projects/ros2_ws/src/ucsd_robocar_hub2/ucsd_robocar_nav2_pkg': PYTHONPATH=/home/projects/ros2_ws/src/install/ucsd_robocar_nav2_pkg/lib/python3.8/site-packages:${PYTHONPATH} /usr/bin/python3 setup.py egg_info --egg-base ../../build/ucsd_robocar_nav2_pkg build --build-base /home/projects/ros2_ws/src/build/ucsd_robocar_nav2_pkg/build install --prefix /home/projects/ros2_ws/src/install/ucsd_robocar_nav2_pkg --record /home/projects/ros2_ws/src/build/ucsd_robocar_nav2_pkg/install.log --single-version-externally-managed
[9.044s] running egg_info
[9.048s] writing ../../build/ucsd_robocar_nav2_pkg/ucsd_robocar_nav2_pkg.egg-info/PKG-INFO
[9.050s] writing dependency_links to ../../build/ucsd_robocar_nav2_pkg/ucsd_robocar_nav2_pkg.egg-info/dependency_links.txt
[9.051s] writing entry points to ../../build/ucsd_robocar_nav2_pkg/ucsd_robocar_nav2_pkg.egg-info/entry_points.txt
[9.052s] writing requirements to ../../build/ucsd_robocar_nav2_pkg/ucsd_robocar_nav2_pkg.egg-info/requires.txt
[9.053s] writing top-level names to ../../build/ucsd_robocar_nav2_pkg/ucsd_robocar_nav2_pkg.egg-info/top_level.txt
[9.263s] reading manifest file '../../build/ucsd_robocar_nav2_pkg/ucsd_robocar_nav2_pkg.egg-info/SOURCES.txt'
[9.269s] writing manifest file '../../build/ucsd_robocar_nav2_pkg/ucsd_robocar_nav2_pkg.egg-info/SOURCES.txt'
[9.270s] running build
[9.271s] running build_py
[9.272s] running install
[9.277s] running install_lib
[9.288s] running install_data
[9.293s] running install_egg_info
[9.303s] removing '/home/projects/ros2_ws/src/install/ucsd_robocar_nav2_pkg/lib/python3.8/site-packages/ucsd_robocar_nav2_pkg-0.0.0-py3.8.egg-info' (and everything under it)
[9.305s] Copying ../../build/ucsd_robocar_nav2_pkg/ucsd_robocar_nav2_pkg.egg-info to /home/projects/ros2_ws/src/install/ucsd_robocar_nav2_pkg/lib/python3.8/site-packages/ucsd_robocar_nav2_pkg-0.0.0-py3.8.egg-info
[9.310s] running install_scripts
[9.412s] writing list of installed files to '/home/projects/ros2_ws/src/build/ucsd_robocar_nav2_pkg/install.log'
[9.605s] Invoked command in '/home/projects/ros2_ws/src/ucsd_robocar_hub2/ucsd_robocar_nav2_pkg' returned '0': PYTHONPATH=/home/projects/ros2_ws/src/install/ucsd_robocar_nav2_pkg/lib/python3.8/site-packages:${PYTHONPATH} /usr/bin/python3 setup.py egg_info --egg-base ../../build/ucsd_robocar_nav2_pkg build --build-base /home/projects/ros2_ws/src/build/ucsd_robocar_nav2_pkg/build install --prefix /home/projects/ros2_ws/src/install/ucsd_robocar_nav2_pkg --record /home/projects/ros2_ws/src/build/ucsd_robocar_nav2_pkg/install.log --single-version-externally-managed
