[6.111s] Invoking command in '/home/projects/ros2_ws/src/ucsd_robocar_hub2/ucsd_robocar_nav2_pkg': PYTHONPATH=/home/projects/ros2_ws/src/install/ucsd_robocar_nav2_pkg/lib/python3.8/site-packages:${PYTHONPATH} /usr/bin/python3 setup.py egg_info --egg-base ../../build/ucsd_robocar_nav2_pkg build --build-base /home/projects/ros2_ws/src/build/ucsd_robocar_nav2_pkg/build install --prefix /home/projects/ros2_ws/src/install/ucsd_robocar_nav2_pkg --record /home/projects/ros2_ws/src/build/ucsd_robocar_nav2_pkg/install.log --single-version-externally-managed
[7.472s] running egg_info
[7.475s] creating ../../build/ucsd_robocar_nav2_pkg/ucsd_robocar_nav2_pkg.egg-info
[7.477s] writing ../../build/ucsd_robocar_nav2_pkg/ucsd_robocar_nav2_pkg.egg-info/PKG-INFO
[7.479s] writing dependency_links to ../../build/ucsd_robocar_nav2_pkg/ucsd_robocar_nav2_pkg.egg-info/dependency_links.txt
[7.480s] writing entry points to ../../build/ucsd_robocar_nav2_pkg/ucsd_robocar_nav2_pkg.egg-info/entry_points.txt
[7.481s] writing requirements to ../../build/ucsd_robocar_nav2_pkg/ucsd_robocar_nav2_pkg.egg-info/requires.txt
[7.482s] writing top-level names to ../../build/ucsd_robocar_nav2_pkg/ucsd_robocar_nav2_pkg.egg-info/top_level.txt
[7.490s] writing manifest file '../../build/ucsd_robocar_nav2_pkg/ucsd_robocar_nav2_pkg.egg-info/SOURCES.txt'
[7.742s] reading manifest file '../../build/ucsd_robocar_nav2_pkg/ucsd_robocar_nav2_pkg.egg-info/SOURCES.txt'
[7.747s] writing manifest file '../../build/ucsd_robocar_nav2_pkg/ucsd_robocar_nav2_pkg.egg-info/SOURCES.txt'
[7.747s] running build
[7.749s] running build_py
[7.750s] creating /home/projects/ros2_ws/src/build/ucsd_robocar_nav2_pkg/build
[7.752s] creating /home/projects/ros2_ws/src/build/ucsd_robocar_nav2_pkg/build/lib
[7.752s] creating /home/projects/ros2_ws/src/build/ucsd_robocar_nav2_pkg/build/lib/ucsd_robocar_nav2_pkg
[7.753s] copying ucsd_robocar_nav2_pkg/__init__.py -> /home/projects/ros2_ws/src/build/ucsd_robocar_nav2_pkg/build/lib/ucsd_robocar_nav2_pkg
[7.754s] running install
[7.756s] running install_lib
[7.761s] creating /home/projects/ros2_ws/src/install/ucsd_robocar_nav2_pkg/lib/python3.8/site-packages/ucsd_robocar_nav2_pkg
[7.762s] copying /home/projects/ros2_ws/src/build/ucsd_robocar_nav2_pkg/build/lib/ucsd_robocar_nav2_pkg/__init__.py -> /home/projects/ros2_ws/src/install/ucsd_robocar_nav2_pkg/lib/python3.8/site-packages/ucsd_robocar_nav2_pkg
[7.766s] byte-compiling /home/projects/ros2_ws/src/install/ucsd_robocar_nav2_pkg/lib/python3.8/site-packages/ucsd_robocar_nav2_pkg/__init__.py to __init__.cpython-38.pyc
[7.773s] running install_data
[7.775s] creating /home/projects/ros2_ws/src/install/ucsd_robocar_nav2_pkg/share/ament_index
[7.776s] creating /home/projects/ros2_ws/src/install/ucsd_robocar_nav2_pkg/share/ament_index/resource_index
[7.777s] creating /home/projects/ros2_ws/src/install/ucsd_robocar_nav2_pkg/share/ament_index/resource_index/packages
[7.777s] copying resource/ucsd_robocar_nav2_pkg -> /home/projects/ros2_ws/src/install/ucsd_robocar_nav2_pkg/share/ament_index/resource_index/packages
[7.785s] copying package.xml -> /home/projects/ros2_ws/src/install/ucsd_robocar_nav2_pkg/share/ucsd_robocar_nav2_pkg
[7.787s] creating /home/projects/ros2_ws/src/install/ucsd_robocar_nav2_pkg/share/ucsd_robocar_nav2_pkg/launch
[7.787s] copying launch/all_components.launch.py -> /home/projects/ros2_ws/src/install/ucsd_robocar_nav2_pkg/share/ucsd_robocar_nav2_pkg/launch
[7.788s] copying launch/rosbag_launch.launch.py -> /home/projects/ros2_ws/src/install/ucsd_robocar_nav2_pkg/share/ucsd_robocar_nav2_pkg/launch
[7.790s] copying launch/ros_bridge_launch.launch.py -> /home/projects/ros2_ws/src/install/ucsd_robocar_nav2_pkg/share/ucsd_robocar_nav2_pkg/launch
[7.792s] copying launch/sensor_visualization.launch.py -> /home/projects/ros2_ws/src/install/ucsd_robocar_nav2_pkg/share/ucsd_robocar_nav2_pkg/launch
[7.795s] copying launch/urdf_publisher_launch.launch.py -> /home/projects/ros2_ws/src/install/ucsd_robocar_nav2_pkg/share/ucsd_robocar_nav2_pkg/launch
[7.798s] copying launch/all_nodes.launch.py -> /home/projects/ros2_ws/src/install/ucsd_robocar_nav2_pkg/share/ucsd_robocar_nav2_pkg/launch
[7.800s] creating /home/projects/ros2_ws/src/install/ucsd_robocar_nav2_pkg/share/ucsd_robocar_nav2_pkg/config
[7.800s] copying config/pkg_locations_ucsd.yaml -> /home/projects/ros2_ws/src/install/ucsd_robocar_nav2_pkg/share/ucsd_robocar_nav2_pkg/config
[7.802s] copying config/car_config.yaml -> /home/projects/ros2_ws/src/install/ucsd_robocar_nav2_pkg/share/ucsd_robocar_nav2_pkg/config
[7.803s] copying config/node_config.yaml -> /home/projects/ros2_ws/src/install/ucsd_robocar_nav2_pkg/share/ucsd_robocar_nav2_pkg/config
[7.804s] copying config/node_pkg_locations_ucsd.yaml -> /home/projects/ros2_ws/src/install/ucsd_robocar_nav2_pkg/share/ucsd_robocar_nav2_pkg/config
[7.804s] creating /home/projects/ros2_ws/src/install/ucsd_robocar_nav2_pkg/share/ucsd_robocar_nav2_pkg/rviz
[7.805s] copying rviz/sensor_visualization.rviz -> /home/projects/ros2_ws/src/install/ucsd_robocar_nav2_pkg/share/ucsd_robocar_nav2_pkg/rviz
[7.809s] running install_egg_info
[7.818s] Copying ../../build/ucsd_robocar_nav2_pkg/ucsd_robocar_nav2_pkg.egg-info to /home/projects/ros2_ws/src/install/ucsd_robocar_nav2_pkg/lib/python3.8/site-packages/ucsd_robocar_nav2_pkg-0.0.0-py3.8.egg-info
[7.827s] running install_scripts
[7.907s] writing list of installed files to '/home/projects/ros2_ws/src/build/ucsd_robocar_nav2_pkg/install.log'
[8.117s] Invoked command in '/home/projects/ros2_ws/src/ucsd_robocar_hub2/ucsd_robocar_nav2_pkg' returned '0': PYTHONPATH=/home/projects/ros2_ws/src/install/ucsd_robocar_nav2_pkg/lib/python3.8/site-packages:${PYTHONPATH} /usr/bin/python3 setup.py egg_info --egg-base ../../build/ucsd_robocar_nav2_pkg build --build-base /home/projects/ros2_ws/src/build/ucsd_robocar_nav2_pkg/build install --prefix /home/projects/ros2_ws/src/install/ucsd_robocar_nav2_pkg --record /home/projects/ros2_ws/src/build/ucsd_robocar_nav2_pkg/install.log --single-version-externally-managed
