[7.420s] Invoking command in '/home/projects/ros2_ws/src/lidar_avoidance': PYTHONPATH=/home/projects/ros2_ws/src/install/lidar_avoidance/lib/python3.8/site-packages:${PYTHONPATH} /usr/bin/python3 setup.py egg_info --egg-base ../build/lidar_avoidance build --build-base /home/projects/ros2_ws/src/build/lidar_avoidance/build install --prefix /home/projects/ros2_ws/src/install/lidar_avoidance --record /home/projects/ros2_ws/src/build/lidar_avoidance/install.log --single-version-externally-managed
[8.689s] running egg_info
[8.692s] writing ../build/lidar_avoidance/lidar_avoidance.egg-info/PKG-INFO
[8.694s] writing dependency_links to ../build/lidar_avoidance/lidar_avoidance.egg-info/dependency_links.txt
[8.695s] writing entry points to ../build/lidar_avoidance/lidar_avoidance.egg-info/entry_points.txt
[8.697s] writing requirements to ../build/lidar_avoidance/lidar_avoidance.egg-info/requires.txt
[8.698s] writing top-level names to ../build/lidar_avoidance/lidar_avoidance.egg-info/top_level.txt
[8.890s] reading manifest file '../build/lidar_avoidance/lidar_avoidance.egg-info/SOURCES.txt'
[8.895s] writing manifest file '../build/lidar_avoidance/lidar_avoidance.egg-info/SOURCES.txt'
[8.895s] running build
[8.896s] running build_py
[8.897s] copying lidar_avoidance/lidar_avoidance_node.py -> /home/projects/ros2_ws/src/build/lidar_avoidance/build/lib/lidar_avoidance
[8.899s] running install
[8.903s] running install_lib
[8.909s] copying /home/projects/ros2_ws/src/build/lidar_avoidance/build/lib/lidar_avoidance/lidar_avoidance_node.py -> /home/projects/ros2_ws/src/install/lidar_avoidance/lib/python3.8/site-packages/lidar_avoidance
[8.913s] byte-compiling /home/projects/ros2_ws/src/install/lidar_avoidance/lib/python3.8/site-packages/lidar_avoidance/lidar_avoidance_node.py to lidar_avoidance_node.cpython-38.pyc
[8.921s] running install_data
[8.924s] running install_egg_info
[8.934s] removing '/home/projects/ros2_ws/src/install/lidar_avoidance/lib/python3.8/site-packages/lidar_avoidance-0.0.0-py3.8.egg-info' (and everything under it)
[8.936s] Copying ../build/lidar_avoidance/lidar_avoidance.egg-info to /home/projects/ros2_ws/src/install/lidar_avoidance/lib/python3.8/site-packages/lidar_avoidance-0.0.0-py3.8.egg-info
[8.941s] running install_scripts
[9.035s] Installing avoid_node script to /home/projects/ros2_ws/src/install/lidar_avoidance/lib/lidar_avoidance
[9.036s] writing list of installed files to '/home/projects/ros2_ws/src/build/lidar_avoidance/install.log'
[9.237s] Invoked command in '/home/projects/ros2_ws/src/lidar_avoidance' returned '0': PYTHONPATH=/home/projects/ros2_ws/src/install/lidar_avoidance/lib/python3.8/site-packages:${PYTHONPATH} /usr/bin/python3 setup.py egg_info --egg-base ../build/lidar_avoidance build --build-base /home/projects/ros2_ws/src/build/lidar_avoidance/build install --prefix /home/projects/ros2_ws/src/install/lidar_avoidance --record /home/projects/ros2_ws/src/build/lidar_avoidance/install.log --single-version-externally-managed
