[7.934s] Invoking command in '/home/projects/ros2_ws/src/ucsd_robocar_hub2/ucsd_robocar_nav2_pkg': PYTHONPATH=/home/projects/ros2_ws/src/install/ucsd_robocar_nav2_pkg/lib/python3.8/site-packages:${PYTHONPATH} /usr/bin/python3 setup.py egg_info --egg-base ../../build/ucsd_robocar_nav2_pkg build --build-base /home/projects/ros2_ws/src/build/ucsd_robocar_nav2_pkg/build install --prefix /home/projects/ros2_ws/src/install/ucsd_robocar_nav2_pkg --record /home/projects/ros2_ws/src/build/ucsd_robocar_nav2_pkg/install.log --single-version-externally-managed
[9.756s] running egg_info
[9.760s] writing ../../build/ucsd_robocar_nav2_pkg/ucsd_robocar_nav2_pkg.egg-info/PKG-INFO
[9.761s] writing dependency_links to ../../build/ucsd_robocar_nav2_pkg/ucsd_robocar_nav2_pkg.egg-info/dependency_links.txt
[9.761s] writing entry points to ../../build/ucsd_robocar_nav2_pkg/ucsd_robocar_nav2_pkg.egg-info/entry_points.txt
[9.761s] writing requirements to ../../build/ucsd_robocar_nav2_pkg/ucsd_robocar_nav2_pkg.egg-info/requires.txt
[9.762s] writing top-level names to ../../build/ucsd_robocar_nav2_pkg/ucsd_robocar_nav2_pkg.egg-info/top_level.txt
[10.086s] reading manifest file '../../build/ucsd_robocar_nav2_pkg/ucsd_robocar_nav2_pkg.egg-info/SOURCES.txt'
[10.093s] writing manifest file '../../build/ucsd_robocar_nav2_pkg/ucsd_robocar_nav2_pkg.egg-info/SOURCES.txt'
[10.094s] running build
[10.095s] running build_py
[10.098s] running install
[10.103s] running install_lib
[10.114s] running install_data
[10.120s] running install_egg_info
[10.137s] removing '/home/projects/ros2_ws/src/install/ucsd_robocar_nav2_pkg/lib/python3.8/site-packages/ucsd_robocar_nav2_pkg-0.0.0-py3.8.egg-info' (and everything under it)
[10.140s] Copying ../../build/ucsd_robocar_nav2_pkg/ucsd_robocar_nav2_pkg.egg-info to /home/projects/ros2_ws/src/install/ucsd_robocar_nav2_pkg/lib/python3.8/site-packages/ucsd_robocar_nav2_pkg-0.0.0-py3.8.egg-info
[10.146s] running install_scripts
[10.237s] writing list of installed files to '/home/projects/ros2_ws/src/build/ucsd_robocar_nav2_pkg/install.log'
[10.378s] Invoked command in '/home/projects/ros2_ws/src/ucsd_robocar_hub2/ucsd_robocar_nav2_pkg' returned '0': PYTHONPATH=/home/projects/ros2_ws/src/install/ucsd_robocar_nav2_pkg/lib/python3.8/site-packages:${PYTHONPATH} /usr/bin/python3 setup.py egg_info --egg-base ../../build/ucsd_robocar_nav2_pkg build --build-base /home/projects/ros2_ws/src/build/ucsd_robocar_nav2_pkg/build install --prefix /home/projects/ros2_ws/src/install/ucsd_robocar_nav2_pkg --record /home/projects/ros2_ws/src/build/ucsd_robocar_nav2_pkg/install.log --single-version-externally-managed
