[5.762s] Invoking command in '/home/projects/ros2_ws/src/ucsd_robocar_hub2/ucsd_robocar_path2_pkg': PYTHONPATH=/home/projects/ros2_ws/src/install/ucsd_robocar_path2_pkg/lib/python3.8/site-packages:${PYTHONPATH} /usr/bin/python3 setup.py egg_info --egg-base ../../build/ucsd_robocar_path2_pkg build --build-base /home/projects/ros2_ws/src/build/ucsd_robocar_path2_pkg/build install --prefix /home/projects/ros2_ws/src/install/ucsd_robocar_path2_pkg --record /home/projects/ros2_ws/src/build/ucsd_robocar_path2_pkg/install.log --single-version-externally-managed
[8.096s] running egg_info
[8.105s] writing ../../build/ucsd_robocar_path2_pkg/ucsd_robocar_path2_pkg.egg-info/PKG-INFO
[8.107s] writing dependency_links to ../../build/ucsd_robocar_path2_pkg/ucsd_robocar_path2_pkg.egg-info/dependency_links.txt
[8.110s] writing entry points to ../../build/ucsd_robocar_path2_pkg/ucsd_robocar_path2_pkg.egg-info/entry_points.txt
[8.111s] writing requirements to ../../build/ucsd_robocar_path2_pkg/ucsd_robocar_path2_pkg.egg-info/requires.txt
[8.113s] writing top-level names to ../../build/ucsd_robocar_path2_pkg/ucsd_robocar_path2_pkg.egg-info/top_level.txt
[8.419s] reading manifest file '../../build/ucsd_robocar_path2_pkg/ucsd_robocar_path2_pkg.egg-info/SOURCES.txt'
[8.424s] writing manifest file '../../build/ucsd_robocar_path2_pkg/ucsd_robocar_path2_pkg.egg-info/SOURCES.txt'
[8.425s] running build
[8.441s] running build_py
[8.444s] running install
[8.448s] running install_lib
[8.469s] running install_data
[8.473s] running install_egg_info
[8.490s] removing '/home/projects/ros2_ws/src/install/ucsd_robocar_path2_pkg/lib/python3.8/site-packages/ucsd_robocar_path2_pkg-0.0.0-py3.8.egg-info' (and everything under it)
[8.491s] Copying ../../build/ucsd_robocar_path2_pkg/ucsd_robocar_path2_pkg.egg-info to /home/projects/ros2_ws/src/install/ucsd_robocar_path2_pkg/lib/python3.8/site-packages/ucsd_robocar_path2_pkg-0.0.0-py3.8.egg-info
[8.495s] running install_scripts
[8.672s] Installing curve_localizer_node script to /home/projects/ros2_ws/src/install/ucsd_robocar_path2_pkg/lib/ucsd_robocar_path2_pkg
[8.672s] Installing path_provider_node script to /home/projects/ros2_ws/src/install/ucsd_robocar_path2_pkg/lib/ucsd_robocar_path2_pkg
[8.673s] Installing tube_follower_node script to /home/projects/ros2_ws/src/install/ucsd_robocar_path2_pkg/lib/ucsd_robocar_path2_pkg
[8.674s] writing list of installed files to '/home/projects/ros2_ws/src/build/ucsd_robocar_path2_pkg/install.log'
[8.901s] Invoked command in '/home/projects/ros2_ws/src/ucsd_robocar_hub2/ucsd_robocar_path2_pkg' returned '0': PYTHONPATH=/home/projects/ros2_ws/src/install/ucsd_robocar_path2_pkg/lib/python3.8/site-packages:${PYTHONPATH} /usr/bin/python3 setup.py egg_info --egg-base ../../build/ucsd_robocar_path2_pkg build --build-base /home/projects/ros2_ws/src/build/ucsd_robocar_path2_pkg/build install --prefix /home/projects/ros2_ws/src/install/ucsd_robocar_path2_pkg --record /home/projects/ros2_ws/src/build/ucsd_robocar_path2_pkg/install.log --single-version-externally-managed
